<?xml version="1.0" encoding="UTF-8"?>
<testng-results ignored="0" total="5" passed="5" failed="0" skipped="0">
  <reporter-output>
  </reporter-output>
  <suite started-at="2024-11-25T11:27:12 PST" name="Surefire suite" finished-at="2024-11-25T11:27:26 PST" duration-ms="14500">
    <groups>
      <group name="cucumber">
        <method signature="AbstractTestNGCucumberTests.runScenario(io.cucumber.testng.PickleWrapper,io.cucumber.testng.FeatureWrapper)[pri:0, instance:com.example.runner.TestRunner@1725dc0f]" name="runScenario" class="io.cucumber.testng.AbstractTestNGCucumberTests"/>
      </group> <!-- cucumber -->
    </groups>
    <test started-at="2024-11-25T11:27:12 PST" name="Surefire test" finished-at="2024-11-25T11:27:26 PST" duration-ms="14500">
      <class name="com.example.runner.TestRunner">
        <test-method is-config="true" signature="setUpClass(org.testng.ITestContext)[pri:0, instance:com.example.runner.TestRunner@1725dc0f]" started-at="2024-11-25T11:27:12 PST" name="setUpClass" finished-at="2024-11-25T11:27:13 PST" duration-ms="656" status="PASS">
          <params>
            <param index="0">
              <value>
                <![CDATA[org.testng.TestRunner@6010d0d1]]>
              </value>
            </param>
          </params>
          <reporter-output>
          </reporter-output>
        </test-method> <!-- setUpClass -->
        <test-method signature="runScenario(io.cucumber.testng.PickleWrapper,io.cucumber.testng.FeatureWrapper)[pri:0, instance:com.example.runner.TestRunner@1725dc0f]" started-at="2024-11-25T11:27:13 PST" name="runScenario" description="Runs Cucumber Scenarios" data-provider="scenarios" finished-at="2024-11-25T11:27:18 PST" duration-ms="5330" status="PASS">
          <params>
            <param index="0">
              <value>
                <![CDATA["User is able to add 2 items to cart and checkout successfully"]]>
              </value>
            </param>
            <param index="1">
              <value>
                <![CDATA["Product Page Sorting"]]>
              </value>
            </param>
          </params>
          <reporter-output>
          </reporter-output>
        </test-method> <!-- runScenario -->
        <test-method signature="runScenario(io.cucumber.testng.PickleWrapper,io.cucumber.testng.FeatureWrapper)[pri:0, instance:com.example.runner.TestRunner@1725dc0f]" started-at="2024-11-25T11:27:18 PST" name="runScenario" description="Runs Cucumber Scenarios" data-provider="scenarios" finished-at="2024-11-25T11:27:20 PST" duration-ms="2250" status="PASS">
          <params>
            <param index="0">
              <value>
                <![CDATA["User is able to login successfully"]]>
              </value>
            </param>
            <param index="1">
              <value>
                <![CDATA["User login to SauceDemo website"]]>
              </value>
            </param>
          </params>
          <reporter-output>
          </reporter-output>
        </test-method> <!-- runScenario -->
        <test-method signature="runScenario(io.cucumber.testng.PickleWrapper,io.cucumber.testng.FeatureWrapper)[pri:0, instance:com.example.runner.TestRunner@1725dc0f]" started-at="2024-11-25T11:27:20 PST" name="runScenario" description="Runs Cucumber Scenarios" data-provider="scenarios" finished-at="2024-11-25T11:27:22 PST" duration-ms="1978" status="PASS">
          <params>
            <param index="0">
              <value>
                <![CDATA["User is unable to login due to locked account"]]>
              </value>
            </param>
            <param index="1">
              <value>
                <![CDATA["User login to SauceDemo website"]]>
              </value>
            </param>
          </params>
          <reporter-output>
          </reporter-output>
        </test-method> <!-- runScenario -->
        <test-method signature="runScenario(io.cucumber.testng.PickleWrapper,io.cucumber.testng.FeatureWrapper)[pri:0, instance:com.example.runner.TestRunner@1725dc0f]" started-at="2024-11-25T11:27:22 PST" name="runScenario" description="Runs Cucumber Scenarios" data-provider="scenarios" finished-at="2024-11-25T11:27:24 PST" duration-ms="2117" status="PASS">
          <params>
            <param index="0">
              <value>
                <![CDATA["User is able to sort products from High to Low"]]>
              </value>
            </param>
            <param index="1">
              <value>
                <![CDATA["Login and complete a purchase on SauceDemo"]]>
              </value>
            </param>
          </params>
          <reporter-output>
          </reporter-output>
        </test-method> <!-- runScenario -->
        <test-method signature="runScenario(io.cucumber.testng.PickleWrapper,io.cucumber.testng.FeatureWrapper)[pri:0, instance:com.example.runner.TestRunner@1725dc0f]" started-at="2024-11-25T11:27:24 PST" name="runScenario" description="Runs Cucumber Scenarios" data-provider="scenarios" finished-at="2024-11-25T11:27:26 PST" duration-ms="2077" status="PASS">
          <params>
            <param index="0">
              <value>
                <![CDATA["User is able to sort products from High to Low"]]>
              </value>
            </param>
            <param index="1">
              <value>
                <![CDATA["Login and complete a purchase on SauceDemo"]]>
              </value>
            </param>
          </params>
          <reporter-output>
          </reporter-output>
        </test-method> <!-- runScenario -->
        <test-method is-config="true" signature="tearDownClass()[pri:0, instance:com.example.runner.TestRunner@1725dc0f]" started-at="2024-11-25T11:27:26 PST" name="tearDownClass" finished-at="2024-11-25T11:27:26 PST" duration-ms="50" status="PASS">
          <reporter-output>
          </reporter-output>
        </test-method> <!-- tearDownClass -->
      </class> <!-- com.example.runner.TestRunner -->
    </test> <!-- Surefire test -->
  </suite> <!-- Surefire suite -->
</testng-results>
