<?xml version="1.0" encoding="UTF-8"?>
<testsuite xmlns:xsi="http://www.w3.org/2001/XMLSchema-instance" xsi:noNamespaceSchemaLocation="https://maven.apache.org/surefire/maven-surefire-plugin/xsd/surefire-test-report-3.0.xsd" version="3.0" name="com.example.runner.TestRunner" time="15.055" tests="5" errors="0" skipped="0" failures="0">
  <properties>
[...]
</properties>
  <testcase name="runScenario[&quot;User is able to add 2 items to cart and checkout successfully&quot;, &quot;Product Page Sorting&quot;](1)" classname="com.example.runner.TestRunner" time="5.33">
    <system-out><![CDATA[
@saucedemo-tests @saucedemo-checkout @sauce-demo-positive-test
Scenario: User is able to add 2 items to cart and checkout successfully     # src/test/resources/features/SauceDemo_Checkout.feature:9
  Given User navigates to "https://www.saucedemo.com/"                      # com.example.stepdefinitions.CommonStepDefinitions.iNavigateTo(java.lang.String)
  When User login with username "standard_user" and password "secret_sauce" # com.example.stepdefinitions.CommonStepDefinitions.userLoginWithUsernameAndPassword(java.lang.String,java.lang.String)
  When User adds 2 items priced at $"15.99" each to the cart                # com.example.stepdefinitions.CommonStepDefinitions.userAddsItemsPricedAtEachToTheCart(java.lang.String)
  And User proceeds to the Your Cart page                                   # com.example.stepdefinitions.CommonStepDefinitions.userProceedsToTheCheckoutPage()
  Then The cart should contain 2 items                                      # com.example.stepdefinitions.CommonStepDefinitions.theCartShouldContainItems(int)
  When User completes adding personal details with:                         # com.example.stepdefinitions.CommonStepDefinitions.userCompletesAddingPersonalDetailsWith(io.cucumber.datatable.DataTable)
    | First Name | James     |
    | Last Name  | Sarigumba |
    | Zip Code   | 1234      |
  Then User should see the "Checkout: Overview" page                        # com.example.stepdefinitions.CommonStepDefinitions.userShouldSeeThePage(java.lang.String)
Payment Info: SauceCard #31337
Shipping Info: Free Pony Express Delivery!
Item total: $31.98
Tax: $2.56
Total: $34.54
  And User completes the checkout                                           # com.example.stepdefinitions.CommonStepDefinitions.userCompletesTheCheckout()
  Then User should see the "Checkout: Complete!" page                       # com.example.stepdefinitions.CommonStepDefinitions.userShouldSeeThePage(java.lang.String)
]]></system-out>
    <system-err><![CDATA[SLF4J: Failed to load class "org.slf4j.impl.StaticLoggerBinder".
SLF4J: Defaulting to no-operation (NOP) logger implementation
SLF4J: See http://www.slf4j.org/codes.html#StaticLoggerBinder for further details.
Nov 25, 2024 11:27:15 AM org.openqa.selenium.devtools.CdpVersionFinder findNearestMatch
WARNING: Unable to find CDP implementation matching 131
Nov 25, 2024 11:27:15 AM org.openqa.selenium.chromium.ChromiumDriver lambda$new$5
WARNING: Unable to find version of CDP to use for 131.0.2903.63. You may need to include a dependency on a specific version of the CDP using something similar to `org.seleniumhq.selenium:selenium-devtools-v86:4.14.0` where the version ("v86") matches the version of the chromium-based browser you're using and the version number of the artifact is the same as Selenium's.
]]></system-err>
  </testcase>
  <testcase name="runScenario[&quot;User is able to login successfully&quot;, &quot;User login to SauceDemo website&quot;](2)" classname="com.example.runner.TestRunner" time="2.243">
    <system-out><![CDATA[
@saucedemo-tests @saucedemo-login @saucedemo-login-success @saucedemo-positive-test
Scenario: User is able to login successfully                                # src/test/resources/features/SauceDemo_Login.feature:8
  Given User navigates to "https://www.saucedemo.com/"                      # com.example.stepdefinitions.CommonStepDefinitions.iNavigateTo(java.lang.String)
  When User login with username "standard_user" and password "secret_sauce" # com.example.stepdefinitions.CommonStepDefinitions.userLoginWithUsernameAndPassword(java.lang.String,java.lang.String)
  Then User should see the "Products" page                                  # com.example.stepdefinitions.CommonStepDefinitions.userShouldSeeThePage(java.lang.String)
]]></system-out>
    <system-err><![CDATA[Nov 25, 2024 11:27:19 AM org.openqa.selenium.devtools.CdpVersionFinder findNearestMatch
WARNING: Unable to find CDP implementation matching 131
Nov 25, 2024 11:27:19 AM org.openqa.selenium.chromium.ChromiumDriver lambda$new$5
WARNING: Unable to find version of CDP to use for 131.0.2903.63. You may need to include a dependency on a specific version of the CDP using something similar to `org.seleniumhq.selenium:selenium-devtools-v86:4.14.0` where the version ("v86") matches the version of the chromium-based browser you're using and the version number of the artifact is the same as Selenium's.
]]></system-err>
  </testcase>
  <testcase name="runScenario[&quot;User is unable to login due to locked account&quot;, &quot;User login to SauceDemo website&quot;](3)" classname="com.example.runner.TestRunner" time="1.978">
    <system-out><![CDATA[
@saucedemo-tests @saucedemo-login @saucedemo-login-failed @saucedemo-negative-test
Scenario: User is unable to login due to locked account                                              # src/test/resources/features/SauceDemo_Login.feature:14
  Given User navigates to "https://www.saucedemo.com/"                                               # com.example.stepdefinitions.CommonStepDefinitions.iNavigateTo(java.lang.String)
  When User login with username "locked_out_user" and password "secret_sauce"                        # com.example.stepdefinitions.CommonStepDefinitions.userLoginWithUsernameAndPassword(java.lang.String,java.lang.String)
  Then User should see an error message saying "Epic sadface: Sorry, this user has been locked out." # com.example.stepdefinitions.CommonStepDefinitions.userShouldSeeAnErrorMessageSaying(java.lang.String)
]]></system-out>
    <system-err><![CDATA[Nov 25, 2024 11:27:21 AM org.openqa.selenium.devtools.CdpVersionFinder findNearestMatch
WARNING: Unable to find CDP implementation matching 131
Nov 25, 2024 11:27:21 AM org.openqa.selenium.chromium.ChromiumDriver lambda$new$5
WARNING: Unable to find version of CDP to use for 131.0.2903.63. You may need to include a dependency on a specific version of the CDP using something similar to `org.seleniumhq.selenium:selenium-devtools-v86:4.14.0` where the version ("v86") matches the version of the chromium-based browser you're using and the version number of the artifact is the same as Selenium's.
]]></system-err>
  </testcase>
  <testcase name="runScenario[&quot;User is able to sort products from High to Low&quot;, &quot;Login and complete a purchase on SauceDemo&quot;](4)" classname="com.example.runner.TestRunner" time="2.118">
    <system-out><![CDATA[
@saucedemo-tests @saucedemo-products @saucedemo-positive-test
Scenario: User is able to sort products from High to Low                    # src/test/resources/features/SauceDemo_Products.feature:9
  Given User navigates to "https://www.saucedemo.com/"                      # com.example.stepdefinitions.CommonStepDefinitions.iNavigateTo(java.lang.String)
  When User login with username "standard_user" and password "secret_sauce" # com.example.stepdefinitions.CommonStepDefinitions.userLoginWithUsernameAndPassword(java.lang.String,java.lang.String)
  When User sort products by price from "High to Low"                       # com.example.stepdefinitions.CommonStepDefinitions.userSortProductsByPriceFrom(java.lang.String)
  Then Products should be sorted from "High to Low"                         # com.example.stepdefinitions.CommonStepDefinitions.productsShouldBeSortedFrom(java.lang.String)
]]></system-out>
    <system-err><![CDATA[Nov 25, 2024 11:27:23 AM org.openqa.selenium.devtools.CdpVersionFinder findNearestMatch
WARNING: Unable to find CDP implementation matching 131
Nov 25, 2024 11:27:23 AM org.openqa.selenium.chromium.ChromiumDriver lambda$new$5
WARNING: Unable to find version of CDP to use for 131.0.2903.63. You may need to include a dependency on a specific version of the CDP using something similar to `org.seleniumhq.selenium:selenium-devtools-v86:4.14.0` where the version ("v86") matches the version of the chromium-based browser you're using and the version number of the artifact is the same as Selenium's.
]]></system-err>
  </testcase>
  <testcase name="runScenario[&quot;User is able to sort products from High to Low&quot;, &quot;Login and complete a purchase on SauceDemo&quot;](5)" classname="com.example.runner.TestRunner" time="2.077">
    <system-out><![CDATA[
@saucedemo-tests @saucedemo-products @saucedemo-positive-test
Scenario: User is able to sort products from High to Low                    # src/test/resources/features/SauceDemo_Products.feature:14
  Given User navigates to "https://www.saucedemo.com/"                      # com.example.stepdefinitions.CommonStepDefinitions.iNavigateTo(java.lang.String)
  When User login with username "standard_user" and password "secret_sauce" # com.example.stepdefinitions.CommonStepDefinitions.userLoginWithUsernameAndPassword(java.lang.String,java.lang.String)
  When User sort products by price from "Low to High"                       # com.example.stepdefinitions.CommonStepDefinitions.userSortProductsByPriceFrom(java.lang.String)
  Then Products should be sorted from "Low to High"                         # com.example.stepdefinitions.CommonStepDefinitions.productsShouldBeSortedFrom(java.lang.String)
]]></system-out>
    <system-err><![CDATA[Nov 25, 2024 11:27:25 AM org.openqa.selenium.devtools.CdpVersionFinder findNearestMatch
WARNING: Unable to find CDP implementation matching 131
Nov 25, 2024 11:27:25 AM org.openqa.selenium.chromium.ChromiumDriver lambda$new$5
WARNING: Unable to find version of CDP to use for 131.0.2903.63. You may need to include a dependency on a specific version of the CDP using something similar to `org.seleniumhq.selenium:selenium-devtools-v86:4.14.0` where the version ("v86") matches the version of the chromium-based browser you're using and the version number of the artifact is the same as Selenium's.
]]></system-err>
  </testcase>
</testsuite>